

    â–ˆâ–ˆâ–ˆâ–ˆâ–ˆâ–ˆâ•—  â–ˆâ–ˆâ–ˆâ–ˆâ–ˆâ•— â–ˆâ–ˆâ–ˆâ–ˆâ–ˆâ–ˆâ–ˆâ•—â–ˆâ–ˆâ•—   â–ˆâ–ˆâ•—      â–ˆâ–ˆâ•—   â–ˆâ–ˆâ•—
    â–ˆâ–ˆâ•”â•â•â–ˆâ–ˆâ•—â–ˆâ–ˆâ•”â•â•â–ˆâ–ˆâ•—â–ˆâ–ˆâ•”â•â•â•â•â•â–ˆâ–ˆâ•‘   â–ˆâ–ˆâ•‘      â–ˆâ–ˆâ•‘   â–ˆâ–ˆâ•‘
    â–ˆâ–ˆâ–ˆâ–ˆâ–ˆâ–ˆâ•”â•â–ˆâ–ˆâ–ˆâ–ˆâ–ˆâ–ˆâ–ˆâ•‘â–ˆâ–ˆâ–ˆâ–ˆâ–ˆâ–ˆâ–ˆâ•—â–ˆâ–ˆâ•‘   â–ˆâ–ˆâ•‘â–ˆâ–ˆâ–ˆâ–ˆâ–ˆâ•—â–ˆâ–ˆâ•‘   â–ˆâ–ˆâ•‘
    â–ˆâ–ˆâ•”â•â•â–ˆâ–ˆâ•—â–ˆâ–ˆâ•”â•â•â–ˆâ–ˆâ•‘â•šâ•â•â•â•â–ˆâ–ˆâ•‘â–ˆâ–ˆâ•‘   â–ˆâ–ˆâ•‘â•šâ•â•â•â•â•â•šâ–ˆâ–ˆâ•— â–ˆâ–ˆâ•”â• 
    â–ˆâ–ˆâ•‘  â–ˆâ–ˆâ•‘â–ˆâ–ˆâ•‘  â–ˆâ–ˆâ•‘â–ˆâ–ˆâ–ˆâ–ˆâ–ˆâ–ˆâ–ˆâ•‘â•šâ–ˆâ–ˆâ–ˆâ–ˆâ–ˆâ–ˆâ•”â•       â•šâ–ˆâ–ˆâ–ˆâ–ˆâ•”â• 
    â•šâ•â•  â•šâ•â•â•šâ•â•  â•šâ•â•â•šâ•â•â•â•â•â•â• â•šâ•â•â•â•â•â•         â•šâ•â•â•â•
    
           â–ˆâ–ˆâ–ˆâ–ˆâ–ˆâ–ˆâ•— â–ˆâ–ˆâ–ˆâ–ˆâ–ˆâ–ˆâ•— â–ˆâ–ˆâ–ˆâ–ˆâ–ˆâ–ˆâ•— â–ˆâ–ˆâ–ˆâ–ˆâ–ˆâ–ˆâ–ˆâ•— 
          â–ˆâ–ˆâ•”â•â•â•â•â•â–ˆâ–ˆâ•”â•â•â•â–ˆâ–ˆâ•—â–ˆâ–ˆâ•”â•â•â–ˆâ–ˆâ•—â–ˆâ–ˆâ•”â•â•â•â•â•  
          â–ˆâ–ˆâ•‘     â–ˆâ–ˆâ•‘   â–ˆâ–ˆâ•‘â–ˆâ–ˆâ–ˆâ–ˆâ–ˆâ–ˆâ•”â•â–ˆâ–ˆâ–ˆâ–ˆâ–ˆâ•—
          â–ˆâ–ˆâ•‘     â–ˆâ–ˆâ•‘   â–ˆâ–ˆâ•‘â–ˆâ–ˆâ•”â•â•â–ˆâ–ˆâ•—â–ˆâ–ˆâ•”â•â•â•     
          â•šâ–ˆâ–ˆâ–ˆâ–ˆâ–ˆâ–ˆâ•—â•šâ–ˆâ–ˆâ–ˆâ–ˆâ–ˆâ–ˆâ•”â•â–ˆâ–ˆâ•‘  â–ˆâ–ˆâ•‘â–ˆâ–ˆâ–ˆâ–ˆâ–ˆâ–ˆâ–ˆâ•—
          â•šâ•â•â•â•â•â• â•šâ•â•â•â•â•â• â•šâ•â•  â•šâ•â•â•šâ•â•â•â•â•â•â•        
      

===============================================================
                  riscv_arithmetic_basic_test                  
---------------------------------------------------------------
 +Testing RV64IMC
 +Arithmetic instruction test
 +no load/store instructions
 +branch/jump instructions are included
 +loops are included
---------------------------------------------------------------
Mon, 26 Feb 2024 11:27:04    (1) Removing kernel init. from the spike log
Mon, 26 Feb 2024 11:27:04    (2) Removing init and main lines from spike log
Mon, 26 Feb 2024 11:27:04    (3) Removing the duplicated lines in spike log
Mon, 26 Feb 2024 11:27:04    (4) Eliminating the leading garabage from spike log
Mon, 26 Feb 2024 11:27:04    (5) Modify questa log to match spike's

===============================================================
                  Start Comparing              
===============================================================

[32mSucceeded: Both logs are identical.[0m

