INFO: [VRFC 10-2263] Analyzing Verilog file "D:/RISC-V/RTL Design/Synthesis/syn.sim/sim_1/synth/func/xsim/riscv_top_func_synth.v" into library xil_defaultlib
INFO: [VRFC 10-311] analyzing module clk_wiz_0
INFO: [VRFC 10-311] analyzing module clk_wiz_0_clk_wiz
INFO: [VRFC 10-311] analyzing module icache_fsm
INFO: [VRFC 10-311] analyzing module riscv_alu
INFO: [VRFC 10-311] analyzing module riscv_branch
INFO: [VRFC 10-311] analyzing module riscv_button_debouncer
INFO: [VRFC 10-311] analyzing module riscv_button_debouncer_delayed
INFO: [VRFC 10-311] analyzing module riscv_button_debouncer_fsm
INFO: [VRFC 10-311] analyzing module riscv_compressed_decoder
INFO: [VRFC 10-311] analyzing module riscv_core
INFO: [VRFC 10-311] analyzing module riscv_counter
INFO: [VRFC 10-311] analyzing module riscv_counter__1
INFO: [VRFC 10-311] analyzing module riscv_csrfile
INFO: [VRFC 10-311] analyzing module riscv_cu
INFO: [VRFC 10-311] analyzing module riscv_data_cache
INFO: [VRFC 10-311] analyzing module riscv_datapath
INFO: [VRFC 10-311] analyzing module riscv_dcache_amo
INFO: [VRFC 10-311] analyzing module riscv_dcache_data
INFO: [VRFC 10-311] analyzing module riscv_dcache_fsm
INFO: [VRFC 10-311] analyzing module riscv_dcache_tag
INFO: [VRFC 10-311] analyzing module riscv_debouncer_timer
INFO: [VRFC 10-311] analyzing module riscv_divider
INFO: [VRFC 10-311] analyzing module riscv_dram_counter
INFO: [VRFC 10-311] analyzing module riscv_dram_data
INFO: [VRFC 10-311] analyzing module riscv_dram_model
INFO: [VRFC 10-311] analyzing module riscv_dstage
INFO: [VRFC 10-311] analyzing module riscv_estage
INFO: [VRFC 10-311] analyzing module riscv_extend
INFO: [VRFC 10-311] analyzing module riscv_fstage
INFO: [VRFC 10-311] analyzing module riscv_hazardunit
INFO: [VRFC 10-311] analyzing module riscv_icache_inst
INFO: [VRFC 10-311] analyzing module riscv_icu
INFO: [VRFC 10-311] analyzing module riscv_instructions_cache
INFO: [VRFC 10-311] analyzing module riscv_iram_counter
INFO: [VRFC 10-311] analyzing module riscv_iram_data
INFO: [VRFC 10-311] analyzing module riscv_iram_model
INFO: [VRFC 10-311] analyzing module riscv_lsu
INFO: [VRFC 10-311] analyzing module riscv_memext
INFO: [VRFC 10-311] analyzing module riscv_misalignment_unit
INFO: [VRFC 10-311] analyzing module riscv_mstage
INFO: [VRFC 10-311] analyzing module riscv_multiplier
INFO: [VRFC 10-311] analyzing module riscv_mux2
INFO: [VRFC 10-311] analyzing module riscv_mux2__1
INFO: [VRFC 10-311] analyzing module riscv_mux2__2
INFO: [VRFC 10-311] analyzing module riscv_mux2__3
INFO: [VRFC 10-311] analyzing module riscv_mux2__4
INFO: [VRFC 10-311] analyzing module riscv_mux2__5
INFO: [VRFC 10-311] analyzing module riscv_mux2__6
INFO: [VRFC 10-311] analyzing module riscv_mux2__7
INFO: [VRFC 10-311] analyzing module riscv_mux3
INFO: [VRFC 10-311] analyzing module riscv_mux4
INFO: [VRFC 10-311] analyzing module riscv_mux4__1
INFO: [VRFC 10-311] analyzing module riscv_mux4__2
INFO: [VRFC 10-311] analyzing module riscv_mux5
INFO: [VRFC 10-311] analyzing module riscv_pc
INFO: [VRFC 10-311] analyzing module riscv_pcadder
INFO: [VRFC 10-311] analyzing module riscv_ppreg_de
INFO: [VRFC 10-311] analyzing module riscv_ppreg_em
INFO: [VRFC 10-311] analyzing module riscv_ppreg_fd
INFO: [VRFC 10-311] analyzing module riscv_ppreg_mw
INFO: [VRFC 10-311] analyzing module riscv_rf
INFO: [VRFC 10-311] analyzing module riscv_rst_sync
INFO: [VRFC 10-311] analyzing module riscv_timer_irq
INFO: [VRFC 10-311] analyzing module riscv_top
INFO: [VRFC 10-311] analyzing module riscv_tracer
INFO: [VRFC 10-311] analyzing module riscv_trap_wb
INFO: [VRFC 10-311] analyzing module riscv_wbstage
INFO: [VRFC 10-311] analyzing module tag_array_i
INFO: [VRFC 10-311] analyzing module uart_clk_div
INFO: [VRFC 10-311] analyzing module uart_fifo_df_sync
INFO: [VRFC 10-311] analyzing module uart_fifo_df_sync__1
INFO: [VRFC 10-311] analyzing module uart_fifo_df_sync__parameterized0
INFO: [VRFC 10-311] analyzing module uart_fifo_gray_conv
INFO: [VRFC 10-311] analyzing module uart_fifo_gray_conv__1
INFO: [VRFC 10-311] analyzing module uart_fifo_mem_ctrl
INFO: [VRFC 10-311] analyzing module uart_fifo_rd
INFO: [VRFC 10-311] analyzing module uart_fifo_top
INFO: [VRFC 10-311] analyzing module uart_fifo_wr
INFO: [VRFC 10-311] analyzing module uart_peripheral_top
INFO: [VRFC 10-311] analyzing module uart_pulse_gen
INFO: [VRFC 10-311] analyzing module uart_tx_fsm
INFO: [VRFC 10-311] analyzing module uart_tx_mux
INFO: [VRFC 10-311] analyzing module uart_tx_parity_calc
INFO: [VRFC 10-311] analyzing module uart_tx_serializer
INFO: [VRFC 10-311] analyzing module uart_tx_top
INFO: [VRFC 10-311] analyzing module glbl
